{"level":"error","message":"Sun Aug 04 2024 12:53:43 GMT-0300 (hora estándar de Argentina)-{\"name\":\"Data Not found\",\"statusCode\":{},\"isOperational\":true}","private":true}
{"level":"error","message":"Sun Aug 04 2024 12:55:10 GMT-0300 (hora estándar de Argentina)-{\"name\":\"Data Not found\",\"statusCode\":{},\"isOperational\":true}","private":true}
{"level":"error","message":"Sun Aug 04 2024 12:59:24 GMT-0300 (hora estándar de Argentina)-{\"name\":\"Data Not found\",\"statusCode\":{\"name\":\"API Error\",\"statusCode\":500,\"isOperational\":true},\"isOperational\":true}","private":true}
{"level":"error","message":"Sun Aug 04 2024 13:00:54 GMT-0300 (hora estándar de Argentina)-{\"name\":\"Data Not found\",\"statusCode\":{\"name\":\"API Error\",\"statusCode\":500,\"isOperational\":true},\"isOperational\":true}","private":true}
{"level":"error","message":"Sun Aug 04 2024 13:22:09 GMT-0300 (hora estándar de Argentina)-{\"name\":\"Data Not found\",\"statusCode\":{\"name\":\"API Error\",\"statusCode\":500,\"isOperational\":true},\"isOperational\":true}","private":true}
{"level":"error","message":"Tue Aug 06 2024 15:17:05 GMT-0300 (hora estándar de Argentina)-{\"name\":\"Data Not found\",\"statusCode\":{\"name\":\"API Error\",\"statusCode\":500,\"isOperational\":true},\"isOperational\":true}","private":true}
{"level":"error","message":"Tue Aug 06 2024 15:19:21 GMT-0300 (hora estándar de Argentina)-{\"name\":\"Data Not found\",\"statusCode\":{\"name\":\"API Error\",\"statusCode\":500,\"isOperational\":true},\"isOperational\":true}","private":true}
{"level":"error","message":"Tue Aug 06 2024 15:21:26 GMT-0300 (hora estándar de Argentina)-{\"name\":\"Data Not found\",\"statusCode\":{\"name\":\"API Error\",\"statusCode\":500,\"isOperational\":true},\"isOperational\":true}","private":true}
{"level":"error","message":"Tue Aug 06 2024 15:21:57 GMT-0300 (hora estándar de Argentina)-{\"name\":\"Data Not found\",\"statusCode\":{\"name\":\"API Error\",\"statusCode\":500,\"isOperational\":true},\"isOperational\":true}","private":true}
{"level":"error","message":"Tue Aug 06 2024 15:22:30 GMT-0300 (hora estándar de Argentina)-{\"name\":\"Data Not found\",\"statusCode\":{\"name\":\"API Error\",\"statusCode\":500,\"isOperational\":true},\"isOperational\":true}","private":true}
{"level":"error","message":"Tue Aug 06 2024 15:23:41 GMT-0300 (hora estándar de Argentina)-{\"name\":\"Data Not found\",\"statusCode\":{\"name\":\"API Error\",\"statusCode\":500,\"isOperational\":true},\"isOperational\":true}","private":true}
{"level":"error","message":"Tue Aug 06 2024 15:25:09 GMT-0300 (hora estándar de Argentina)-{\"name\":\"Data Not found\",\"statusCode\":{\"name\":\"API Error\",\"statusCode\":500,\"isOperational\":true},\"isOperational\":true}","private":true}
{"level":"error","message":"Tue Aug 06 2024 15:25:53 GMT-0300 (hora estándar de Argentina)-{\"name\":\"Data Not found\",\"statusCode\":{\"name\":\"API Error\",\"statusCode\":500,\"isOperational\":true},\"isOperational\":true}","private":true}
{"level":"error","message":"Tue Aug 06 2024 15:26:48 GMT-0300 (hora estándar de Argentina)-{\"name\":\"Data Not found\",\"statusCode\":{\"name\":\"API Error\",\"statusCode\":500,\"isOperational\":true},\"isOperational\":true}","private":true}
{"level":"error","message":"Tue Aug 06 2024 15:46:39 GMT-0300 (hora estándar de Argentina)-{\"name\":\"Data Not found\",\"statusCode\":{},\"isOperational\":true}","private":true}
{"level":"error","message":"Tue Aug 06 2024 15:49:11 GMT-0300 (hora estándar de Argentina)-{\"name\":\"Data Not found\",\"statusCode\":{},\"isOperational\":true}","private":true}
{"level":"error","message":"Tue Aug 06 2024 15:50:39 GMT-0300 (hora estándar de Argentina)-{\"name\":\"Data Not found\",\"statusCode\":{},\"isOperational\":true}","private":true}
{"level":"error","message":"Tue Aug 06 2024 15:51:38 GMT-0300 (hora estándar de Argentina)-{\"name\":\"Data Not found\",\"statusCode\":{},\"isOperational\":true}","private":true}
{"level":"error","message":"Tue Aug 06 2024 15:52:11 GMT-0300 (hora estándar de Argentina)-{\"name\":\"Data Not found\",\"statusCode\":{},\"isOperational\":true}","private":true}
{"level":"error","message":"Tue Aug 06 2024 15:53:45 GMT-0300 (hora estándar de Argentina)-{\"name\":\"Data Not found\",\"statusCode\":{},\"isOperational\":true}","private":true}
{"level":"error","message":"Tue Aug 06 2024 15:54:40 GMT-0300 (hora estándar de Argentina)-{\"name\":\"Data Not found\",\"statusCode\":{},\"isOperational\":true}","private":true}
{"level":"error","message":"Tue Aug 06 2024 19:49:24 GMT-0300 (hora estándar de Argentina)-{\"name\":\"Data Not found\",\"statusCode\":{},\"isOperational\":true}","private":true}
{"level":"error","message":"Tue Aug 06 2024 19:50:43 GMT-0300 (hora estándar de Argentina)-{\"name\":\"Data Not found\",\"statusCode\":{},\"isOperational\":true}","private":true}
{"level":"error","message":"Tue Aug 06 2024 19:51:44 GMT-0300 (hora estándar de Argentina)-{\"name\":\"Data Not found\",\"statusCode\":{},\"isOperational\":true}","private":true}
{"level":"error","message":"Tue Aug 06 2024 19:53:06 GMT-0300 (hora estándar de Argentina)-{\"name\":\"Data Not found\",\"statusCode\":{},\"isOperational\":true}","private":true}
{"level":"error","message":"Tue Aug 06 2024 19:54:14 GMT-0300 (hora estándar de Argentina)-{\"name\":\"Data Not found\",\"statusCode\":{},\"isOperational\":true}","private":true}
{"level":"error","message":"Tue Aug 06 2024 19:55:12 GMT-0300 (hora estándar de Argentina)-{\"name\":\"Data Not found\",\"statusCode\":{},\"isOperational\":true}","private":true}
{"level":"error","message":"Tue Aug 06 2024 19:56:22 GMT-0300 (hora estándar de Argentina)-{\"name\":\"Data Not found\",\"statusCode\":{},\"isOperational\":true}","private":true}
{"level":"error","message":"Tue Aug 06 2024 19:58:05 GMT-0300 (hora estándar de Argentina)-{\"name\":\"Data Not found\",\"statusCode\":{},\"isOperational\":true}","private":true}
{"level":"error","message":"Tue Aug 06 2024 20:03:21 GMT-0300 (hora estándar de Argentina)-{\"name\":\"Data Not found\",\"statusCode\":{},\"isOperational\":true}","private":true}
{"level":"error","message":"Tue Aug 06 2024 20:05:37 GMT-0300 (hora estándar de Argentina)-{\"name\":\"Data Not found\",\"statusCode\":{},\"isOperational\":true}","private":true}
{"level":"error","message":"Tue Aug 06 2024 20:13:51 GMT-0300 (hora estándar de Argentina)-{\"name\":\"Data Not found\",\"statusCode\":403,\"isOperational\":true}","private":true}
{"level":"error","message":"Tue Aug 06 2024 20:14:11 GMT-0300 (hora estándar de Argentina)-{\"name\":\"Data Not found\",\"statusCode\":404,\"isOperational\":true}","private":true}
{"level":"error","message":"Tue Aug 06 2024 20:14:15 GMT-0300 (hora estándar de Argentina)-{\"name\":\"Data Not found\",\"statusCode\":404,\"isOperational\":true}","private":true}
{"level":"error","message":"Tue Aug 06 2024 20:15:53 GMT-0300 (hora estándar de Argentina)-{\"name\":\"Data Not found\",\"isOperational\":true}","private":true}
{"level":"error","message":"Tue Aug 06 2024 20:16:09 GMT-0300 (hora estándar de Argentina)-{\"name\":\"Data Not found\",\"statusCode\":403,\"isOperational\":true}","private":true}
